{"C:\\Users\\crist\\OneDrive\\Desktop\\INSY-BackEnd\\app.js": {"path":"C:\\Users\\crist\\OneDrive\\Desktop\\INSY-BackEnd\\app.js","statementMap":{"0":{"start":{"line":1,"column":16},"end":{"line":1,"column":34}},"1":{"start":{"line":2,"column":13},"end":{"line":2,"column":28}},"2":{"start":{"line":3,"column":15},"end":{"line":3,"column":32}},"3":{"start":{"line":4,"column":18},"end":{"line":4,"column":47}},"4":{"start":{"line":6,"column":19},"end":{"line":6,"column":48}},"5":{"start":{"line":7,"column":22},"end":{"line":7,"column":55}},"6":{"start":{"line":9,"column":12},"end":{"line":9,"column":21}},"7":{"start":{"line":11,"column":0},"end":{"line":11,"column":18}},"8":{"start":{"line":12,"column":0},"end":{"line":12,"column":16}},"9":{"start":{"line":13,"column":0},"end":{"line":13,"column":24}},"10":{"start":{"line":15,"column":16},"end":{"line":19,"column":2}},"11":{"start":{"line":20,"column":0},"end":{"line":20,"column":17}},"12":{"start":{"line":22,"column":0},"end":{"line":22,"column":33}},"13":{"start":{"line":23,"column":0},"end":{"line":23,"column":40}},"14":{"start":{"line":25,"column":0},"end":{"line":25,"column":63}},"15":{"start":{"line":25,"column":27},"end":{"line":25,"column":61}},"16":{"start":{"line":27,"column":0},"end":{"line":27,"column":21}}},"fnMap":{"0":{"name":"(anonymous_0)","decl":{"start":{"line":25,"column":13},"end":{"line":25,"column":14}},"loc":{"start":{"line":25,"column":27},"end":{"line":25,"column":61}},"line":25}},"branchMap":{},"s":{"0":2,"1":2,"2":2,"3":2,"4":2,"5":2,"6":2,"7":2,"8":2,"9":2,"10":2,"11":2,"12":2,"13":2,"14":2,"15":0,"16":2},"f":{"0":0},"b":{},"_coverageSchema":"1a1c01bbd47fc00a2c39e90264f33305004495a9","hash":"9970da96fa11b53209f11de9d9207419113d33ac"}
,"C:\\Users\\crist\\OneDrive\\Desktop\\INSY-BackEnd\\Controllers\\authController.js": {"path":"C:\\Users\\crist\\OneDrive\\Desktop\\INSY-BackEnd\\Controllers\\authController.js","statementMap":{"0":{"start":{"line":1,"column":13},"end":{"line":1,"column":43}},"1":{"start":{"line":2,"column":22},"end":{"line":2,"column":55}},"2":{"start":{"line":5,"column":0},"end":{"line":19,"column":2}},"3":{"start":{"line":6,"column":4},"end":{"line":18,"column":5}},"4":{"start":{"line":7,"column":70},"end":{"line":7,"column":78}},"5":{"start":{"line":8,"column":27},"end":{"line":8,"column":59}},"6":{"start":{"line":9,"column":8},"end":{"line":11,"column":9}},"7":{"start":{"line":10,"column":12},"end":{"line":10,"column":80}},"8":{"start":{"line":13,"column":21},"end":{"line":13,"column":93}},"9":{"start":{"line":14,"column":8},"end":{"line":14,"column":72}},"10":{"start":{"line":17,"column":8},"end":{"line":17,"column":58}},"11":{"start":{"line":23,"column":0},"end":{"line":42,"column":2}},"12":{"start":{"line":24,"column":4},"end":{"line":41,"column":5}},"13":{"start":{"line":25,"column":47},"end":{"line":25,"column":55}},"14":{"start":{"line":26,"column":21},"end":{"line":26,"column":64}},"15":{"start":{"line":27,"column":8},"end":{"line":29,"column":9}},"16":{"start":{"line":28,"column":12},"end":{"line":28,"column":89}},"17":{"start":{"line":31,"column":24},"end":{"line":31,"column":60}},"18":{"start":{"line":32,"column":8},"end":{"line":34,"column":9}},"19":{"start":{"line":33,"column":12},"end":{"line":33,"column":71}},"20":{"start":{"line":36,"column":22},"end":{"line":36,"column":45}},"21":{"start":{"line":37,"column":8},"end":{"line":37,"column":68}},"22":{"start":{"line":40,"column":8},"end":{"line":40,"column":58}}},"fnMap":{"0":{"name":"(anonymous_0)","decl":{"start":{"line":5,"column":23},"end":{"line":5,"column":24}},"loc":{"start":{"line":5,"column":43},"end":{"line":19,"column":1}},"line":5},"1":{"name":"(anonymous_1)","decl":{"start":{"line":23,"column":20},"end":{"line":23,"column":21}},"loc":{"start":{"line":23,"column":40},"end":{"line":42,"column":1}},"line":23}},"branchMap":{"0":{"loc":{"start":{"line":9,"column":8},"end":{"line":11,"column":9}},"type":"if","locations":[{"start":{"line":9,"column":8},"end":{"line":11,"column":9}},{"start":{},"end":{}}],"line":9},"1":{"loc":{"start":{"line":27,"column":8},"end":{"line":29,"column":9}},"type":"if","locations":[{"start":{"line":27,"column":8},"end":{"line":29,"column":9}},{"start":{},"end":{}}],"line":27},"2":{"loc":{"start":{"line":32,"column":8},"end":{"line":34,"column":9}},"type":"if","locations":[{"start":{"line":32,"column":8},"end":{"line":34,"column":9}},{"start":{},"end":{}}],"line":32}},"s":{"0":2,"1":2,"2":2,"3":2,"4":2,"5":2,"6":2,"7":1,"8":1,"9":1,"10":0,"11":2,"12":3,"13":3,"14":3,"15":3,"16":1,"17":2,"18":2,"19":1,"20":1,"21":1,"22":0},"f":{"0":2,"1":3},"b":{"0":[1,1],"1":[1,2],"2":[1,1]},"_coverageSchema":"1a1c01bbd47fc00a2c39e90264f33305004495a9","hash":"3f7ef6317c07c624855e788d3f5201d723689887"}
,"C:\\Users\\crist\\OneDrive\\Desktop\\INSY-BackEnd\\Middleware\\authMiddleware.js": {"path":"C:\\Users\\crist\\OneDrive\\Desktop\\INSY-BackEnd\\Middleware\\authMiddleware.js","statementMap":{"0":{"start":{"line":1,"column":12},"end":{"line":1,"column":35}},"1":{"start":{"line":2,"column":13},"end":{"line":2,"column":43}},"2":{"start":{"line":4,"column":16},"end":{"line":30,"column":1}},"3":{"start":{"line":5,"column":2},"end":{"line":5,"column":66}},"4":{"start":{"line":8,"column":2},"end":{"line":29,"column":3}},"5":{"start":{"line":9,"column":4},"end":{"line":26,"column":5}},"6":{"start":{"line":10,"column":6},"end":{"line":10,"column":54}},"7":{"start":{"line":11,"column":22},"end":{"line":11,"column":63}},"8":{"start":{"line":12,"column":6},"end":{"line":12,"column":45}},"9":{"start":{"line":14,"column":19},"end":{"line":14,"column":70}},"10":{"start":{"line":15,"column":6},"end":{"line":15,"column":39}},"11":{"start":{"line":17,"column":6},"end":{"line":19,"column":7}},"12":{"start":{"line":18,"column":8},"end":{"line":18,"column":67}},"13":{"start":{"line":21,"column":6},"end":{"line":21,"column":22}},"14":{"start":{"line":22,"column":6},"end":{"line":22,"column":13}},"15":{"start":{"line":24,"column":6},"end":{"line":24,"column":62}},"16":{"start":{"line":25,"column":6},"end":{"line":25,"column":65}},"17":{"start":{"line":28,"column":4},"end":{"line":28,"column":66}},"18":{"start":{"line":32,"column":0},"end":{"line":32,"column":25}}},"fnMap":{"0":{"name":"(anonymous_0)","decl":{"start":{"line":4,"column":16},"end":{"line":4,"column":17}},"loc":{"start":{"line":4,"column":42},"end":{"line":30,"column":1}},"line":4}},"branchMap":{"0":{"loc":{"start":{"line":8,"column":2},"end":{"line":29,"column":3}},"type":"if","locations":[{"start":{"line":8,"column":2},"end":{"line":29,"column":3}},{"start":{"line":27,"column":9},"end":{"line":29,"column":3}}],"line":8},"1":{"loc":{"start":{"line":8,"column":6},"end":{"line":8,"column":81}},"type":"binary-expr","locations":[{"start":{"line":8,"column":6},"end":{"line":8,"column":31}},{"start":{"line":8,"column":35},"end":{"line":8,"column":81}}],"line":8},"2":{"loc":{"start":{"line":17,"column":6},"end":{"line":19,"column":7}},"type":"if","locations":[{"start":{"line":17,"column":6},"end":{"line":19,"column":7}},{"start":{},"end":{}}],"line":17}},"s":{"0":2,"1":2,"2":2,"3":5,"4":5,"5":5,"6":5,"7":5,"8":4,"9":4,"10":4,"11":4,"12":1,"13":3,"14":3,"15":1,"16":1,"17":0,"18":2},"f":{"0":5},"b":{"0":[5,0],"1":[5,5],"2":[1,3]},"_coverageSchema":"1a1c01bbd47fc00a2c39e90264f33305004495a9","hash":"bfb6e043e57ace9d795058b3b939376209b9fa73"}
,"C:\\Users\\crist\\OneDrive\\Desktop\\INSY-BackEnd\\Middleware\\rateLimiter.js": {"path":"C:\\Users\\crist\\OneDrive\\Desktop\\INSY-BackEnd\\Middleware\\rateLimiter.js","statementMap":{"0":{"start":{"line":1,"column":18},"end":{"line":1,"column":47}},"1":{"start":{"line":3,"column":0},"end":{"line":7,"column":3}}},"fnMap":{},"branchMap":{},"s":{"0":2,"1":2},"f":{},"b":{},"_coverageSchema":"1a1c01bbd47fc00a2c39e90264f33305004495a9","hash":"06c101adcf743527de3227d815cd2347fa1c4d16"}
,"C:\\Users\\crist\\OneDrive\\Desktop\\INSY-BackEnd\\Middleware\\validateInput.js": {"path":"C:\\Users\\crist\\OneDrive\\Desktop\\INSY-BackEnd\\Middleware\\validateInput.js","statementMap":{"0":{"start":{"line":1,"column":0},"end":{"line":24,"column":2}},"1":{"start":{"line":2,"column":66},"end":{"line":2,"column":74}},"2":{"start":{"line":3,"column":22},"end":{"line":3,"column":37}},"3":{"start":{"line":4,"column":20},"end":{"line":4,"column":30}},"4":{"start":{"line":5,"column":21},"end":{"line":5,"column":33}},"5":{"start":{"line":6,"column":22},"end":{"line":6,"column":44}},"6":{"start":{"line":7,"column":21},"end":{"line":7,"column":50}},"7":{"start":{"line":10,"column":4},"end":{"line":12,"column":5}},"8":{"start":{"line":11,"column":8},"end":{"line":11,"column":76}},"9":{"start":{"line":14,"column":4},"end":{"line":21,"column":5}},"10":{"start":{"line":20,"column":8},"end":{"line":20,"column":73}},"11":{"start":{"line":23,"column":4},"end":{"line":23,"column":11}}},"fnMap":{"0":{"name":"(anonymous_0)","decl":{"start":{"line":1,"column":17},"end":{"line":1,"column":18}},"loc":{"start":{"line":1,"column":37},"end":{"line":24,"column":1}},"line":1}},"branchMap":{"0":{"loc":{"start":{"line":10,"column":4},"end":{"line":12,"column":5}},"type":"if","locations":[{"start":{"line":10,"column":4},"end":{"line":12,"column":5}},{"start":{},"end":{}}],"line":10},"1":{"loc":{"start":{"line":10,"column":8},"end":{"line":10,"column":70}},"type":"binary-expr","locations":[{"start":{"line":10,"column":8},"end":{"line":10,"column":17}},{"start":{"line":10,"column":21},"end":{"line":10,"column":30}},{"start":{"line":10,"column":34},"end":{"line":10,"column":44}},{"start":{"line":10,"column":48},"end":{"line":10,"column":57}},{"start":{"line":10,"column":61},"end":{"line":10,"column":70}}],"line":10},"2":{"loc":{"start":{"line":14,"column":4},"end":{"line":21,"column":5}},"type":"if","locations":[{"start":{"line":14,"column":4},"end":{"line":21,"column":5}},{"start":{},"end":{}}],"line":14},"3":{"loc":{"start":{"line":14,"column":8},"end":{"line":18,"column":33}},"type":"binary-expr","locations":[{"start":{"line":14,"column":8},"end":{"line":14,"column":33}},{"start":{"line":15,"column":8},"end":{"line":15,"column":31}},{"start":{"line":16,"column":8},"end":{"line":16,"column":44}},{"start":{"line":17,"column":8},"end":{"line":17,"column":33}},{"start":{"line":18,"column":8},"end":{"line":18,"column":33}}],"line":14}},"s":{"0":2,"1":2,"2":2,"3":2,"4":2,"5":2,"6":2,"7":2,"8":0,"9":2,"10":0,"11":2},"f":{"0":2},"b":{"0":[0,2],"1":[2,2,2,2,2],"2":[0,2],"3":[2,2,2,2,2]},"_coverageSchema":"1a1c01bbd47fc00a2c39e90264f33305004495a9","hash":"4812acbf840faacacddb47fc4fd125ea64f504a5"}
,"C:\\Users\\crist\\OneDrive\\Desktop\\INSY-BackEnd\\Models\\Transaction.js": {"path":"C:\\Users\\crist\\OneDrive\\Desktop\\INSY-BackEnd\\Models\\Transaction.js","statementMap":{"0":{"start":{"line":1,"column":17},"end":{"line":1,"column":36}},"1":{"start":{"line":3,"column":26},"end":{"line":12,"column":2}},"2":{"start":{"line":14,"column":0},"end":{"line":14,"column":66}}},"fnMap":{},"branchMap":{},"s":{"0":1,"1":1,"2":1},"f":{},"b":{},"_coverageSchema":"1a1c01bbd47fc00a2c39e90264f33305004495a9","hash":"8eada177195d52e69596f3a3bd809617a1d818ac"}
,"C:\\Users\\crist\\OneDrive\\Desktop\\INSY-BackEnd\\Models\\userModel.js": {"path":"C:\\Users\\crist\\OneDrive\\Desktop\\INSY-BackEnd\\Models\\userModel.js","statementMap":{"0":{"start":{"line":1,"column":17},"end":{"line":1,"column":36}},"1":{"start":{"line":2,"column":15},"end":{"line":2,"column":32}},"2":{"start":{"line":4,"column":19},"end":{"line":10,"column":2}},"3":{"start":{"line":12,"column":0},"end":{"line":17,"column":3}},"4":{"start":{"line":13,"column":2},"end":{"line":13,"column":50}},"5":{"start":{"line":13,"column":36},"end":{"line":13,"column":50}},"6":{"start":{"line":14,"column":15},"end":{"line":14,"column":39}},"7":{"start":{"line":15,"column":2},"end":{"line":15,"column":57}},"8":{"start":{"line":16,"column":2},"end":{"line":16,"column":9}},"9":{"start":{"line":19,"column":0},"end":{"line":21,"column":2}},"10":{"start":{"line":20,"column":2},"end":{"line":20,"column":58}},"11":{"start":{"line":23,"column":0},"end":{"line":23,"column":52}}},"fnMap":{"0":{"name":"(anonymous_0)","decl":{"start":{"line":12,"column":23},"end":{"line":12,"column":24}},"loc":{"start":{"line":12,"column":45},"end":{"line":17,"column":1}},"line":12},"1":{"name":"(anonymous_1)","decl":{"start":{"line":19,"column":37},"end":{"line":19,"column":38}},"loc":{"start":{"line":19,"column":66},"end":{"line":21,"column":1}},"line":19}},"branchMap":{"0":{"loc":{"start":{"line":13,"column":2},"end":{"line":13,"column":50}},"type":"if","locations":[{"start":{"line":13,"column":2},"end":{"line":13,"column":50}},{"start":{},"end":{}}],"line":13}},"s":{"0":1,"1":1,"2":1,"3":1,"4":0,"5":0,"6":0,"7":0,"8":0,"9":1,"10":0,"11":1},"f":{"0":0,"1":0},"b":{"0":[0,0]},"_coverageSchema":"1a1c01bbd47fc00a2c39e90264f33305004495a9","hash":"821684cca8f2877167e3efd5d6f8e78695e157db"}
,"C:\\Users\\crist\\OneDrive\\Desktop\\INSY-BackEnd\\Routes\\authRoute.js": {"path":"C:\\Users\\crist\\OneDrive\\Desktop\\INSY-BackEnd\\Routes\\authRoute.js","statementMap":{"0":{"start":{"line":1,"column":16},"end":{"line":1,"column":34}},"1":{"start":{"line":3,"column":36},"end":{"line":3,"column":76}},"2":{"start":{"line":4,"column":22},"end":{"line":4,"column":60}},"3":{"start":{"line":5,"column":20},"end":{"line":5,"column":56}},"4":{"start":{"line":7,"column":15},"end":{"line":7,"column":31}},"5":{"start":{"line":9,"column":0},"end":{"line":9,"column":54}},"6":{"start":{"line":10,"column":0},"end":{"line":10,"column":46}},"7":{"start":{"line":12,"column":0},"end":{"line":12,"column":24}}},"fnMap":{},"branchMap":{},"s":{"0":2,"1":2,"2":2,"3":2,"4":2,"5":2,"6":2,"7":2},"f":{},"b":{},"_coverageSchema":"1a1c01bbd47fc00a2c39e90264f33305004495a9","hash":"8690fcf99b61e14675ca5b9a1f4713936a784c0b"}
,"C:\\Users\\crist\\OneDrive\\Desktop\\INSY-BackEnd\\Routes\\paymentRoutes.js": {"path":"C:\\Users\\crist\\OneDrive\\Desktop\\INSY-BackEnd\\Routes\\paymentRoutes.js","statementMap":{"0":{"start":{"line":1,"column":16},"end":{"line":1,"column":34}},"1":{"start":{"line":2,"column":20},"end":{"line":2,"column":52}},"2":{"start":{"line":3,"column":16},"end":{"line":3,"column":55}},"3":{"start":{"line":5,"column":15},"end":{"line":5,"column":31}},"4":{"start":{"line":9,"column":23},"end":{"line":9,"column":39}},"5":{"start":{"line":10,"column":21},"end":{"line":10,"column":58}},"6":{"start":{"line":11,"column":24},"end":{"line":11,"column":36}},"7":{"start":{"line":12,"column":22},"end":{"line":12,"column":47}},"8":{"start":{"line":14,"column":2},"end":{"line":19,"column":4}},"9":{"start":{"line":23,"column":0},"end":{"line":45,"column":3}},"10":{"start":{"line":24,"column":70},"end":{"line":24,"column":78}},"11":{"start":{"line":26,"column":2},"end":{"line":28,"column":3}},"12":{"start":{"line":27,"column":4},"end":{"line":27,"column":71}},"13":{"start":{"line":30,"column":2},"end":{"line":44,"column":3}},"14":{"start":{"line":31,"column":24},"end":{"line":38,"column":6}},"15":{"start":{"line":40,"column":4},"end":{"line":40,"column":29}},"16":{"start":{"line":41,"column":4},"end":{"line":41,"column":75}},"17":{"start":{"line":43,"column":4},"end":{"line":43,"column":74}},"18":{"start":{"line":47,"column":0},"end":{"line":47,"column":24}}},"fnMap":{"0":{"name":"validatePaymentInput","decl":{"start":{"line":8,"column":9},"end":{"line":8,"column":29}},"loc":{"start":{"line":8,"column":36},"end":{"line":20,"column":1}},"line":8},"1":{"name":"(anonymous_1)","decl":{"start":{"line":23,"column":26},"end":{"line":23,"column":27}},"loc":{"start":{"line":23,"column":46},"end":{"line":45,"column":1}},"line":23}},"branchMap":{"0":{"loc":{"start":{"line":15,"column":4},"end":{"line":18,"column":33}},"type":"binary-expr","locations":[{"start":{"line":15,"column":4},"end":{"line":15,"column":44}},{"start":{"line":16,"column":4},"end":{"line":16,"column":35}},{"start":{"line":17,"column":4},"end":{"line":17,"column":37}},{"start":{"line":18,"column":4},"end":{"line":18,"column":33}}],"line":15},"1":{"loc":{"start":{"line":26,"column":2},"end":{"line":28,"column":3}},"type":"if","locations":[{"start":{"line":26,"column":2},"end":{"line":28,"column":3}},{"start":{},"end":{}}],"line":26}},"s":{"0":2,"1":2,"2":2,"3":2,"4":3,"5":3,"6":3,"7":3,"8":3,"9":2,"10":3,"11":3,"12":1,"13":2,"14":2,"15":2,"16":1,"17":1,"18":2},"f":{"0":3,"1":3},"b":{"0":[3,2,2,2],"1":[1,2]},"_coverageSchema":"1a1c01bbd47fc00a2c39e90264f33305004495a9","hash":"29e296d4f527d33f7d127c150f918ae6458fdcc8"}
,"C:\\Users\\crist\\OneDrive\\Desktop\\INSY-BackEnd\\utils\\generateToken.js": {"path":"C:\\Users\\crist\\OneDrive\\Desktop\\INSY-BackEnd\\utils\\generateToken.js","statementMap":{"0":{"start":{"line":1,"column":12},"end":{"line":1,"column":35}},"1":{"start":{"line":3,"column":22},"end":{"line":7,"column":1}},"2":{"start":{"line":4,"column":2},"end":{"line":6,"column":5}},"3":{"start":{"line":9,"column":0},"end":{"line":9,"column":31}}},"fnMap":{"0":{"name":"(anonymous_0)","decl":{"start":{"line":3,"column":22},"end":{"line":3,"column":23}},"loc":{"start":{"line":3,"column":30},"end":{"line":7,"column":1}},"line":3}},"branchMap":{},"s":{"0":1,"1":1,"2":0,"3":1},"f":{"0":0},"b":{},"_coverageSchema":"1a1c01bbd47fc00a2c39e90264f33305004495a9","hash":"d2fb5581f453f764f11c15e5a6c27655f3b08821"}
}
