TN:
SF:app.js
FN:22,(anonymous_0)
FN:47,(anonymous_1)
FNF:2
FNH:1
FNDA:10,(anonymous_0)
FNDA:0,(anonymous_1)
DA:1,3
DA:2,3
DA:3,3
DA:4,3
DA:6,3
DA:7,3
DA:8,3
DA:10,3
DA:12,3
DA:15,3
DA:21,3
DA:23,10
DA:24,0
DA:25,0
DA:26,0
DA:28,0
DA:32,3
DA:35,3
DA:40,3
DA:43,3
DA:44,3
DA:45,3
DA:47,3
DA:49,3
LF:24
LH:20
BRDA:23,0,0,10
BRDA:23,0,1,0
BRDA:24,1,0,0
BRDA:24,1,1,0
BRF:4
BRH:1
end_of_record
TN:
SF:server.js
FN:36,(anonymous_0)
FN:44,(anonymous_1)
FN:48,(anonymous_2)
FNF:3
FNH:0
FNDA:0,(anonymous_0)
FNDA:0,(anonymous_1)
FNDA:0,(anonymous_2)
DA:1,1
DA:2,1
DA:3,1
DA:4,1
DA:5,1
DA:6,1
DA:7,1
DA:9,1
DA:10,1
DA:13,1
DA:14,1
DA:23,1
DA:28,1
DA:31,1
DA:32,0
DA:37,0
DA:40,0
DA:44,0
DA:45,0
DA:49,0
DA:53,1
LF:21
LH:15
BRDA:10,0,0,1
BRDA:10,0,1,0
BRDA:31,1,0,0
BRDA:31,1,1,1
BRF:4
BRH:2
end_of_record
TN:
SF:Controllers\authController.js
FN:5,(anonymous_0)
FN:23,(anonymous_1)
FNF:2
FNH:2
FNDA:2,(anonymous_0)
FNDA:3,(anonymous_1)
DA:1,3
DA:2,3
DA:5,3
DA:6,2
DA:7,2
DA:8,2
DA:9,2
DA:10,1
DA:13,1
DA:14,1
DA:17,0
DA:23,3
DA:24,3
DA:25,3
DA:26,3
DA:27,3
DA:28,1
DA:31,2
DA:32,2
DA:33,1
DA:36,1
DA:37,1
DA:40,0
LF:23
LH:21
BRDA:9,0,0,1
BRDA:9,0,1,1
BRDA:27,1,0,1
BRDA:27,1,1,2
BRDA:32,2,0,1
BRDA:32,2,1,1
BRF:6
BRH:6
end_of_record
TN:
SF:Controllers\employeeController.js
FN:8,(anonymous_0)
FN:49,(anonymous_1)
FN:59,(anonymous_2)
FN:75,(anonymous_3)
FNF:4
FNH:4
FNDA:3,(anonymous_0)
FNDA:2,(anonymous_1)
FNDA:3,(anonymous_2)
FNDA:3,(anonymous_3)
DA:1,4
DA:2,4
DA:3,4
DA:4,4
DA:5,4
DA:8,4
DA:9,3
DA:10,3
DA:13,3
DA:14,0
DA:16,3
DA:19,3
DA:20,0
DA:24,3
DA:26,3
DA:27,1
DA:30,2
DA:31,2
DA:32,1
DA:35,1
DA:41,1
DA:43,0
DA:49,4
DA:50,2
DA:51,2
DA:52,1
DA:54,1
DA:59,4
DA:60,3
DA:61,3
DA:62,3
DA:63,2
DA:65,1
DA:66,1
DA:68,1
DA:70,1
DA:75,4
DA:76,3
DA:77,3
DA:78,3
DA:79,2
DA:81,1
DA:82,1
DA:84,1
DA:86,1
LF:45
LH:42
BRDA:13,0,0,0
BRDA:13,0,1,3
BRDA:13,1,0,3
BRDA:13,1,1,3
BRDA:19,2,0,0
BRDA:19,2,1,3
BRDA:19,3,0,3
BRDA:19,3,1,3
BRDA:26,4,0,1
BRDA:26,4,1,2
BRDA:31,5,0,1
BRDA:31,5,1,1
BRDA:63,6,0,1
BRDA:63,6,1,1
BRDA:79,7,0,1
BRDA:79,7,1,1
BRF:16
BRH:14
end_of_record
TN:
SF:Middleware\authMiddleware.js
FN:4,(anonymous_0)
FNF:1
FNH:1
FNDA:5,(anonymous_0)
DA:1,3
DA:2,3
DA:4,3
DA:5,5
DA:8,5
DA:9,5
DA:10,5
DA:11,5
DA:12,4
DA:14,4
DA:15,4
DA:17,4
DA:18,1
DA:21,3
DA:22,3
DA:24,1
DA:25,1
DA:28,0
DA:32,3
LF:19
LH:18
BRDA:8,0,0,5
BRDA:8,0,1,0
BRDA:8,1,0,5
BRDA:8,1,1,5
BRDA:17,2,0,1
BRDA:17,2,1,3
BRF:6
BRH:5
end_of_record
TN:
SF:Middleware\rateLimiter.js
FNF:0
FNH:0
DA:1,3
DA:3,3
LF:2
LH:2
BRF:0
BRH:0
end_of_record
TN:
SF:Middleware\validateInput.js
FN:1,(anonymous_0)
FNF:1
FNH:1
FNDA:2,(anonymous_0)
DA:1,3
DA:2,2
DA:3,2
DA:4,2
DA:5,2
DA:6,2
DA:7,2
DA:10,2
DA:11,0
DA:14,2
DA:20,0
DA:23,2
LF:12
LH:10
BRDA:10,0,0,0
BRDA:10,0,1,2
BRDA:10,1,0,2
BRDA:10,1,1,2
BRDA:10,1,2,2
BRDA:10,1,3,2
BRDA:10,1,4,2
BRDA:14,2,0,0
BRDA:14,2,1,2
BRDA:14,3,0,2
BRDA:14,3,1,2
BRDA:14,3,2,2
BRDA:14,3,3,2
BRDA:14,3,4,2
BRF:14
BRH:12
end_of_record
TN:
SF:Models\Transaction.js
FNF:0
FNH:0
DA:1,3
DA:3,3
DA:14,3
LF:3
LH:3
BRF:0
BRH:0
end_of_record
TN:
SF:Models\employeeModel.js
FN:12,(anonymous_0)
FNF:1
FNH:0
FNDA:0,(anonymous_0)
DA:1,4
DA:2,4
DA:4,4
DA:12,4
DA:13,0
DA:14,0
DA:15,0
DA:16,0
DA:19,4
LF:9
LH:5
BRDA:13,0,0,0
BRDA:13,0,1,0
BRF:2
BRH:0
end_of_record
TN:
SF:Models\userModel.js
FN:12,(anonymous_0)
FN:19,(anonymous_1)
FNF:2
FNH:2
FNDA:2,(anonymous_0)
FNDA:1,(anonymous_1)
DA:1,3
DA:2,3
DA:4,3
DA:12,3
DA:13,2
DA:14,2
DA:15,2
DA:16,2
DA:19,3
DA:20,1
DA:23,3
LF:11
LH:11
BRDA:13,0,0,0
BRDA:13,0,1,2
BRF:2
BRH:1
end_of_record
TN:
SF:Routes\authRoute.js
FNF:0
FNH:0
DA:1,3
DA:3,3
DA:4,3
DA:5,3
DA:7,3
DA:9,3
DA:10,3
DA:12,3
LF:8
LH:8
BRF:0
BRH:0
end_of_record
TN:
SF:Routes\employeeRoutes.js
FNF:0
FNH:0
DA:1,3
DA:7,3
DA:8,3
DA:10,3
DA:12,3
DA:13,3
DA:14,3
DA:15,3
DA:17,3
LF:9
LH:9
BRF:0
BRH:0
end_of_record
TN:
SF:Routes\paymentRoutes.js
FN:8,validatePaymentInput
FN:23,(anonymous_1)
FNF:2
FNH:2
FNDA:3,validatePaymentInput
FNDA:3,(anonymous_1)
DA:1,3
DA:2,3
DA:3,3
DA:5,3
DA:9,3
DA:10,3
DA:11,3
DA:12,3
DA:14,3
DA:23,3
DA:24,3
DA:26,3
DA:27,1
DA:30,2
DA:31,2
DA:40,2
DA:41,1
DA:43,1
DA:47,3
LF:19
LH:19
BRDA:15,0,0,3
BRDA:15,0,1,2
BRDA:15,0,2,2
BRDA:15,0,3,2
BRDA:26,1,0,1
BRDA:26,1,1,2
BRF:6
BRH:6
end_of_record
TN:
SF:seed\seedEmployee.js
FN:10,(anonymous_0)
FN:11,(anonymous_1)
FN:13,(anonymous_2)
FNF:3
FNH:0
FNDA:0,(anonymous_0)
FNDA:0,(anonymous_1)
FNDA:0,(anonymous_2)
DA:2,0
DA:3,0
DA:4,0
DA:6,0
DA:9,0
DA:10,0
DA:11,0
DA:13,0
DA:14,0
DA:16,0
DA:19,0
DA:44,0
DA:45,0
DA:46,0
DA:49,0
DA:51,0
DA:53,0
DA:58,0
LF:18
LH:0
BRF:0
BRH:0
end_of_record
TN:
SF:utils\generateToken.js
FN:3,(anonymous_0)
FNF:1
FNH:0
FNDA:0,(anonymous_0)
DA:1,2
DA:3,2
DA:4,0
DA:9,2
LF:4
LH:3
BRF:0
BRH:0
end_of_record
